<?xml version="1.0" encoding="UTF-8"?>
<!-- Generated by org.testng.reporters.JUnitReportReporter -->
<testsuite hostname="Shahiduls-iMac.home" name="com.bit.testNg.BasicAnnotation" tests="2" failures="0" timestamp="10 Mar 2016 02:02:32 GMT" time="0.005" errors="0">
  <testcase name="m1" time="0.001" classname="com.bit.testNg.BasicAnnotation"/>
  <testcase name="m2" time="0.004" classname="com.bit.testNg.BasicAnnotation"/>
</testsuite> <!-- com.bit.testNg.BasicAnnotation -->
