<?xml version="1.0" encoding="UTF-8"?>
<!-- Generated by org.testng.reporters.JUnitReportReporter -->
<testsuite hostname="Shahiduls-iMac.home" name="com.bit.testNg.Grouping" tests="6" failures="0" timestamp="10 Mar 2016 02:04:36 GMT" time="0.009" errors="0">
  <testcase name="nissan" time="0.000" classname="com.bit.testNg.Grouping"/>
  <testcase name="sample" time="0.000" classname="com.bit.testNg.Grouping"/>
  <testcase name="abc" time="0.008" classname="com.bit.testNg.Grouping"/>
  <testcase name="toyota" time="0.000" classname="com.bit.testNg.Grouping"/>
  <testcase name="xyz" time="0.001" classname="com.bit.testNg.Grouping"/>
  <testcase name="lambo" time="0.000" classname="com.bit.testNg.Grouping"/>
</testsuite> <!-- com.bit.testNg.Grouping -->
