<?xml version="1.0" encoding="UTF-8"?>
<!-- Generated by org.testng.reporters.JUnitReportReporter -->
<testsuite hostname="Shahiduls-iMac.home" name="com.bit.testNg.DataProviderPractice" tests="6" failures="0" timestamp="10 Mar 2016 02:02:32 GMT" time="54.180" errors="0">
  <testcase name="facebookLogIn" time="8.956" classname="com.bit.testNg.DataProviderPractice"/>
  <testcase name="logIntoFacebook" time="11.759" classname="com.bit.testNg.DataProviderPractice"/>
  <testcase name="facebookLogIn" time="8.303" classname="com.bit.testNg.DataProviderPractice"/>
  <testcase name="logIntoFacebook" time="8.433" classname="com.bit.testNg.DataProviderPractice"/>
  <testcase name="facebookLogIn" time="8.348" classname="com.bit.testNg.DataProviderPractice"/>
  <testcase name="logIntoFacebook" time="8.381" classname="com.bit.testNg.DataProviderPractice"/>
</testsuite> <!-- com.bit.testNg.DataProviderPractice -->
