<?xml version="1.0" encoding="UTF-8"?>
<!-- Generated by org.testng.reporters.JUnitReportReporter -->
<testsuite hostname="Shahiduls-iMac.home" name="BasicAnnotation" tests="2" failures="0" timestamp="8 Mar 2016 01:52:25 GMT" time="0.005" errors="0">
  <testcase name="m1" time="0.001" classname="BasicAnnotation"/>
  <testcase name="m2" time="0.004" classname="BasicAnnotation"/>
</testsuite> <!-- BasicAnnotation -->
