<?xml version="1.0" encoding="UTF-8"?>
<!-- Generated by org.testng.reporters.JUnitReportReporter -->
<testsuite hostname="bittech-PC" name="com.AboutAnnotation" tests="2" failures="0" timestamp="20 Oct 2015 22:00:30 GMT" time="0.005" errors="0">
  <testcase name="testCase1" time="0.004" classname="com.AboutAnnotation"/>
  <testcase name="testCase2" time="0.001" classname="com.AboutAnnotation"/>
</testsuite> <!-- com.AboutAnnotation -->
