<?xml version="1.0" encoding="UTF-8"?>
<!-- Generated by org.testng.reporters.JUnitReportReporter -->
<testsuite hostname="Shahiduls-iMac.home" name="A" tests="1" failures="0" timestamp="20 Jun 2016 21:16:51 GMT" time="0.095" errors="0">
  <testcase name="mai" time="0.095" classname="A"/>
</testsuite> <!-- A -->
