<?xml version="1.0" encoding="UTF-8"?>
<!-- Generated by org.testng.reporters.JUnitReportReporter -->
<testsuite hostname="Bittechs-iMac.home" name="com.bit.test.A" tests="4" failures="0" timestamp="3 Mar 2016 02:26:20 GMT" time="0.012" errors="0">
  <testcase name="m1" time="0.001" classname="com.bit.test.A"/>
  <testcase name="fabanacci" time="0.001" classname="com.bit.test.A"/>
  <testcase name="str" time="0.001" classname="com.bit.test.A"/>
  <testcase name="array" time="0.009" classname="com.bit.test.A"/>
</testsuite> <!-- com.bit.test.A -->
